[debug] [2023-06-08T15:13:40.875Z] ----------------------------------------------------------------------
[debug] [2023-06-08T15:13:40.879Z] Command:       C:\Program Files\nodejs\node.exe C:\Users\2210333\AppData\Roaming\npm\node_modules\firebase-tools\lib\bin\firebase.js init
[debug] [2023-06-08T15:13:40.880Z] CLI Version:   12.3.1
[debug] [2023-06-08T15:13:40.881Z] Platform:      win32
[debug] [2023-06-08T15:13:40.881Z] Node Version:  v16.14.0
[debug] [2023-06-08T15:13:40.883Z] Time:          Fri Jun 09 2023 00:13:40 GMT+0900 (日本標準時)
[debug] [2023-06-08T15:13:40.884Z] ----------------------------------------------------------------------
[debug] 
[debug] [2023-06-08T15:13:40.899Z] > command requires scopes: ["email","openid","https://www.googleapis.com/auth/cloudplatformprojects.readonly","https://www.googleapis.com/auth/firebase","https://www.googleapis.com/auth/cloud-platform"]
[debug] [2023-06-08T15:13:40.901Z] > authorizing via signed-in user (nttrungbi1996@gmail.com)
[info] 
     ######## #### ########  ######## ########     ###     ######  ########
     ##        ##  ##     ## ##       ##     ##  ##   ##  ##       ##
     ######    ##  ########  ######   ########  #########  ######  ######
     ##        ##  ##    ##  ##       ##     ## ##     ##       ## ##
     ##       #### ##     ## ######## ########  ##     ##  ######  ########

You're about to initialize a Firebase project in this directory:

  C:\Users\2210333\site\nttrungbi1996

[info] 
=== Project Setup
[info] 
[info] First, let's associate this project directory with a Firebase project.
[info] You can create multiple project aliases by running firebase use --add, 
[info] but for now we'll just set up a default project.
[info] 
[debug] [2023-06-08T15:13:51.053Z] >>> [apiv2][query] GET https://firebase.googleapis.com/v1beta1/projects pageSize=100
[debug] [2023-06-08T15:13:51.684Z] <<< [apiv2][status] GET https://firebase.googleapis.com/v1beta1/projects 200
[debug] [2023-06-08T15:13:51.684Z] <<< [apiv2][body] GET https://firebase.googleapis.com/v1beta1/projects [omitted]
[info] i  Using project nttrung-7c999 (NTTrung) 
[info] 
=== Database Setup
[info] i  database: ensuring required API firebasedatabase.googleapis.com is enabled... 
[debug] [2023-06-08T15:13:52.992Z] >>> [apiv2][query] GET https://serviceusage.googleapis.com/v1/projects/nttrung-7c999/services/firebasedatabase.googleapis.com [none]
[debug] [2023-06-08T15:13:52.992Z] >>> [apiv2][(partial)header] GET https://serviceusage.googleapis.com/v1/projects/nttrung-7c999/services/firebasedatabase.googleapis.com x-goog-quota-user=projects/nttrung-7c999
[debug] [2023-06-08T15:13:54.091Z] <<< [apiv2][status] GET https://serviceusage.googleapis.com/v1/projects/nttrung-7c999/services/firebasedatabase.googleapis.com 200
[debug] [2023-06-08T15:13:54.091Z] <<< [apiv2][body] GET https://serviceusage.googleapis.com/v1/projects/nttrung-7c999/services/firebasedatabase.googleapis.com [omitted]
[info] +  database: required API firebasedatabase.googleapis.com is enabled 
[info] 
[debug] [2023-06-08T15:13:54.092Z] >>> [apiv2][query] GET https://firebasedatabase.googleapis.com/v1beta/projects/nttrung-7c999/locations/-/instances/nttrung-7c999-default-rtdb [none]
[debug] [2023-06-08T15:13:54.485Z] <<< [apiv2][status] GET https://firebasedatabase.googleapis.com/v1beta/projects/nttrung-7c999/locations/-/instances/nttrung-7c999-default-rtdb 200
[debug] [2023-06-08T15:13:54.485Z] <<< [apiv2][body] GET https://firebasedatabase.googleapis.com/v1beta/projects/nttrung-7c999/locations/-/instances/nttrung-7c999-default-rtdb {"name":"projects/473362411224/locations/asia-southeast1/instances/nttrung-7c999-default-rtdb","project":"projects/473362411224","databaseUrl":"https://nttrung-7c999-default-rtdb.asia-southeast1.firebasedatabase.app","type":"DEFAULT_DATABASE","state":"ACTIVE"}
[info] 
[info] Firebase Realtime Database Security Rules allow you to define how your data should be
[info] structured and when your data can be read from and written to.
[info] 
[debug] [2023-06-08T15:13:56.825Z] >>> [apiv2][query] GET https://nttrung-7c999-default-rtdb.asia-southeast1.firebasedatabase.app/.settings/rules.json [none]
[debug] [2023-06-08T15:13:57.076Z] <<< [apiv2][status] GET https://nttrung-7c999-default-rtdb.asia-southeast1.firebasedatabase.app/.settings/rules.json 200
[debug] [2023-06-08T15:13:57.077Z] <<< [apiv2][body] GET https://nttrung-7c999-default-rtdb.asia-southeast1.firebasedatabase.app/.settings/rules.json [stream]
[info] +  Database Rules for nttrung-7c999-default-rtdb have been written to database.rules.json. 
[info] Future modifications to database.rules.json will update Realtime Database Security Rules when you run
[info] firebase deploy.
[info] 
=== Firestore Setup
[debug] [2023-06-08T15:13:57.080Z] >>> [apiv2][query] GET https://serviceusage.googleapis.com/v1/projects/nttrung-7c999/services/firestore.googleapis.com [none]
[debug] [2023-06-08T15:13:57.081Z] >>> [apiv2][(partial)header] GET https://serviceusage.googleapis.com/v1/projects/nttrung-7c999/services/firestore.googleapis.com x-goog-quota-user=projects/nttrung-7c999
[debug] [2023-06-08T15:13:58.138Z] <<< [apiv2][status] GET https://serviceusage.googleapis.com/v1/projects/nttrung-7c999/services/firestore.googleapis.com 200
[debug] [2023-06-08T15:13:58.139Z] <<< [apiv2][body] GET https://serviceusage.googleapis.com/v1/projects/nttrung-7c999/services/firestore.googleapis.com [omitted]
[debug] [2023-06-08T15:13:58.140Z] >>> [apiv2][query] GET https://firestore.googleapis.com/v1/projects/nttrung-7c999/databases/(default) [none]
[debug] [2023-06-08T15:13:59.117Z] <<< [apiv2][status] GET https://firestore.googleapis.com/v1/projects/nttrung-7c999/databases/(default) 200
[debug] [2023-06-08T15:13:59.117Z] <<< [apiv2][body] GET https://firestore.googleapis.com/v1/projects/nttrung-7c999/databases/(default) {"name":"projects/nttrung-7c999/databases/(default)","uid":"2a9b2dac-125c-4555-86e7-400cab20262e","createTime":"2023-06-08T13:50:01.398641Z","updateTime":"2023-06-08T13:50:01.398641Z","locationId":"nam5","type":"FIRESTORE_NATIVE","concurrencyMode":"PESSIMISTIC","appEngineIntegrationMode":"ENABLED","keyPrefix":"s","deleteProtectionState":"DELETE_PROTECTION_DISABLED","etag":"INqoo5z7s/8CMKWRgfXqs/8C"}
[debug] [2023-06-08T15:13:59.117Z] database_type: FIRESTORE_NATIVE
[debug] [2023-06-08T15:13:59.117Z] > command requires scopes: ["email","openid","https://www.googleapis.com/auth/cloudplatformprojects.readonly","https://www.googleapis.com/auth/firebase","https://www.googleapis.com/auth/cloud-platform"]
[debug] [2023-06-08T15:13:59.117Z] > authorizing via signed-in user (nttrungbi1996@gmail.com)
[debug] [2023-06-08T15:13:59.117Z] [iam] checking project nttrung-7c999 for permissions ["firebase.projects.get"]
[debug] [2023-06-08T15:13:59.118Z] >>> [apiv2][query] POST https://cloudresourcemanager.googleapis.com/v1/projects/nttrung-7c999:testIamPermissions [none]
[debug] [2023-06-08T15:13:59.118Z] >>> [apiv2][(partial)header] POST https://cloudresourcemanager.googleapis.com/v1/projects/nttrung-7c999:testIamPermissions x-goog-quota-user=projects/nttrung-7c999
[debug] [2023-06-08T15:13:59.118Z] >>> [apiv2][body] POST https://cloudresourcemanager.googleapis.com/v1/projects/nttrung-7c999:testIamPermissions {"permissions":["firebase.projects.get"]}
[debug] [2023-06-08T15:13:59.790Z] <<< [apiv2][status] POST https://cloudresourcemanager.googleapis.com/v1/projects/nttrung-7c999:testIamPermissions 200
[debug] [2023-06-08T15:13:59.790Z] <<< [apiv2][body] POST https://cloudresourcemanager.googleapis.com/v1/projects/nttrung-7c999:testIamPermissions {"permissions":["firebase.projects.get"]}
[info] 
[info] Firestore Security Rules allow you to define how and when to allow
[info] requests. You can keep these rules in your project directory
[info] and publish them with firebase deploy.
[info] 
[debug] [2023-06-08T15:14:01.855Z] >>> [apiv2][query] GET https://firebaserules.googleapis.com/v1/projects/nttrung-7c999/releases pageSize=10&pageToken=
[debug] [2023-06-08T15:14:03.035Z] <<< [apiv2][status] GET https://firebaserules.googleapis.com/v1/projects/nttrung-7c999/releases 200
[debug] [2023-06-08T15:14:03.035Z] <<< [apiv2][body] GET https://firebaserules.googleapis.com/v1/projects/nttrung-7c999/releases {"releases":[{"name":"projects/nttrung-7c999/releases/cloud.firestore","rulesetName":"projects/nttrung-7c999/rulesets/9494624b-3de9-4459-b34d-760c669a75f4","createTime":"2023-06-08T14:05:53.009155Z","updateTime":"2023-06-08T14:05:53.009155Z"}]}
[debug] [2023-06-08T15:14:03.035Z] Found ruleset: projects/nttrung-7c999/rulesets/9494624b-3de9-4459-b34d-760c669a75f4
[debug] [2023-06-08T15:14:03.036Z] >>> [apiv2][query] GET https://firebaserules.googleapis.com/v1/projects/nttrung-7c999/rulesets/9494624b-3de9-4459-b34d-760c669a75f4 [none]
[debug] [2023-06-08T15:14:04.125Z] <<< [apiv2][status] GET https://firebaserules.googleapis.com/v1/projects/nttrung-7c999/rulesets/9494624b-3de9-4459-b34d-760c669a75f4 200
[debug] [2023-06-08T15:14:04.125Z] <<< [apiv2][body] GET https://firebaserules.googleapis.com/v1/projects/nttrung-7c999/rulesets/9494624b-3de9-4459-b34d-760c669a75f4 [omitted]
[info] 
[info] Firestore indexes allow you to perform complex queries while
[info] maintaining performance that scales with the size of the result
[info] set. You can keep index definitions in your project directory
[info] and publish them with firebase deploy.
[info] 
[debug] [2023-06-08T15:14:07.027Z] >>> [apiv2][query] GET https://firestore.googleapis.com/v1/projects/nttrung-7c999/databases/(default)/collectionGroups/-/indexes [none]
[debug] [2023-06-08T15:14:07.028Z] >>> [apiv2][query] GET https://firestore.googleapis.com/v1/projects/nttrung-7c999/databases/(default)/collectionGroups/-/fields?filter=indexConfig.usesAncestorConfig=false OR ttlConfig:* [none]
[debug] [2023-06-08T15:14:08.002Z] <<< [apiv2][status] GET https://firestore.googleapis.com/v1/projects/nttrung-7c999/databases/(default)/collectionGroups/-/fields?filter=indexConfig.usesAncestorConfig=false OR ttlConfig:* 200
[debug] [2023-06-08T15:14:08.002Z] <<< [apiv2][body] GET https://firestore.googleapis.com/v1/projects/nttrung-7c999/databases/(default)/collectionGroups/-/fields?filter=indexConfig.usesAncestorConfig=false OR ttlConfig:* {"fields":[{"name":"projects/nttrung-7c999/databases/(default)/collectionGroups/__default__/fields/*","indexConfig":{"indexes":[{"queryScope":"COLLECTION","fields":[{"fieldPath":"*","order":"ASCENDING"}],"state":"READY"},{"queryScope":"COLLECTION","fields":[{"fieldPath":"*","order":"DESCENDING"}],"state":"READY"},{"queryScope":"COLLECTION","fields":[{"fieldPath":"*","arrayConfig":"CONTAINS"}],"state":"READY"}]}}]}
[debug] [2023-06-08T15:14:08.012Z] <<< [apiv2][status] GET https://firestore.googleapis.com/v1/projects/nttrung-7c999/databases/(default)/collectionGroups/-/indexes 200
[debug] [2023-06-08T15:14:08.012Z] <<< [apiv2][body] GET https://firestore.googleapis.com/v1/projects/nttrung-7c999/databases/(default)/collectionGroups/-/indexes {}
[info] 
=== Functions Setup
[debug] [2023-06-08T15:14:08.013Z] > command requires scopes: ["email","openid","https://www.googleapis.com/auth/cloudplatformprojects.readonly","https://www.googleapis.com/auth/firebase","https://www.googleapis.com/auth/cloud-platform"]
[debug] [2023-06-08T15:14:08.014Z] > authorizing via signed-in user (nttrungbi1996@gmail.com)
[debug] [2023-06-08T15:14:08.014Z] [iam] checking project nttrung-7c999 for permissions ["firebase.projects.get"]
[debug] [2023-06-08T15:14:08.014Z] >>> [apiv2][query] POST https://cloudresourcemanager.googleapis.com/v1/projects/nttrung-7c999:testIamPermissions [none]
[debug] [2023-06-08T15:14:08.014Z] >>> [apiv2][(partial)header] POST https://cloudresourcemanager.googleapis.com/v1/projects/nttrung-7c999:testIamPermissions x-goog-quota-user=projects/nttrung-7c999
[debug] [2023-06-08T15:14:08.014Z] >>> [apiv2][body] POST https://cloudresourcemanager.googleapis.com/v1/projects/nttrung-7c999:testIamPermissions {"permissions":["firebase.projects.get"]}
[debug] [2023-06-08T15:14:08.644Z] <<< [apiv2][status] POST https://cloudresourcemanager.googleapis.com/v1/projects/nttrung-7c999:testIamPermissions 200
[debug] [2023-06-08T15:14:08.645Z] <<< [apiv2][body] POST https://cloudresourcemanager.googleapis.com/v1/projects/nttrung-7c999:testIamPermissions {"permissions":["firebase.projects.get"]}
[debug] [2023-06-08T15:14:08.645Z] >>> [apiv2][query] GET https://serviceusage.googleapis.com/v1/projects/nttrung-7c999/services/cloudfunctions.googleapis.com [none]
[debug] [2023-06-08T15:14:08.645Z] >>> [apiv2][(partial)header] GET https://serviceusage.googleapis.com/v1/projects/nttrung-7c999/services/cloudfunctions.googleapis.com x-goog-quota-user=projects/nttrung-7c999
[debug] [2023-06-08T15:14:08.647Z] >>> [apiv2][query] GET https://serviceusage.googleapis.com/v1/projects/nttrung-7c999/services/runtimeconfig.googleapis.com [none]
[debug] [2023-06-08T15:14:08.647Z] >>> [apiv2][(partial)header] GET https://serviceusage.googleapis.com/v1/projects/nttrung-7c999/services/runtimeconfig.googleapis.com x-goog-quota-user=projects/nttrung-7c999
[debug] [2023-06-08T15:14:09.684Z] <<< [apiv2][status] GET https://serviceusage.googleapis.com/v1/projects/nttrung-7c999/services/runtimeconfig.googleapis.com 200
[debug] [2023-06-08T15:14:09.684Z] <<< [apiv2][body] GET https://serviceusage.googleapis.com/v1/projects/nttrung-7c999/services/runtimeconfig.googleapis.com [omitted]
[debug] [2023-06-08T15:14:09.761Z] <<< [apiv2][status] GET https://serviceusage.googleapis.com/v1/projects/nttrung-7c999/services/cloudfunctions.googleapis.com 200
[debug] [2023-06-08T15:14:09.761Z] <<< [apiv2][body] GET https://serviceusage.googleapis.com/v1/projects/nttrung-7c999/services/cloudfunctions.googleapis.com [omitted]
[info] 
Detected existing codebase(s): default

[info] 
Overwriting codebase default...

[info] +  Wrote functions/package.json 
[info] +  Wrote functions/.eslintrc.js 
[info] +  Wrote functions/index.js 
[info] +  Wrote functions/.gitignore 
[info] 
=== Hosting Setup
[info] 
[info] Your public directory is the folder (relative to your project directory) that
[info] will contain Hosting assets to be uploaded with firebase deploy. If you
[info] have a build process for your assets, use your build's output directory.
[info] 
[debug] [2023-06-08T15:14:25.233Z] >>> [apiv2][query] GET https://www.gstatic.com/firebasejs/releases.json [none]
[debug] [2023-06-08T15:14:25.307Z] <<< [apiv2][status] GET https://www.gstatic.com/firebasejs/releases.json 200
[debug] [2023-06-08T15:14:25.307Z] <<< [apiv2][body] GET https://www.gstatic.com/firebasejs/releases.json {"current":{"version":"9.22.1","browserURL":"https://www.gstatic.com/firebasejs/9.22.1/firebase.js","packageURL":"https://www.gstatic.com/firebasejs/9.22.1/firebase.tgz"},"live":{"version":"9.22","browserURL":"https://www.gstatic.com/firebasejs/live/9.22/firebase.js","packageURL":"https://www.gstatic.com/firebasejs/live/9.22/firebase.tgz"},"components":{"analytics":"https://www.gstatic.com/firebasejs/9.22.1/firebase-analytics.js","app":"https://www.gstatic.com/firebasejs/9.22.1/firebase-app.js","app-check":"https://www.gstatic.com/firebasejs/9.22.1/firebase-app-check.js","auth":"https://www.gstatic.com/firebasejs/9.22.1/firebase-auth.js","auth/cordova":"https://www.gstatic.com/firebasejs/9.22.1/firebase-auth/cordova.js","auth/react-native":"https://www.gstatic.com/firebasejs/9.22.1/firebase-auth/react-native.js","functions":"https://www.gstatic.com/firebasejs/9.22.1/firebase-functions.js","firestore":"https://www.gstatic.com/firebasejs/9.22.1/firebase-firestore.js","firestore/lite":"https://www.gstatic.com/firebasejs/9.22.1/firebase-firestore/lite.js","installations":"https://www.gstatic.com/firebasejs/9.22.1/firebase-installations.js","storage":"https://www.gstatic.com/firebasejs/9.22.1/firebase-storage.js","performance":"https://www.gstatic.com/firebasejs/9.22.1/firebase-performance.js","remote-config":"https://www.gstatic.com/firebasejs/9.22.1/firebase-remote-config.js","messaging":"https://www.gstatic.com/firebasejs/9.22.1/firebase-messaging.js","messaging/sw":"https://www.gstatic.com/firebasejs/9.22.1/firebase-messaging/sw.js","database":"https://www.gstatic.com/firebasejs/9.22.1/firebase-database.js","firestore.memory":"https://www.gstatic.com/firebasejs/9.22.1/firebase-firestore.memory.js"}}
[info] +  Wrote public/index.html 
[info] 
[info] i  Detected a .git folder at C:\Users\2210333\site\nttrungbi1996 
[info] i  Authorizing with GitHub to upload your service account to a GitHub repository's secrets store. 
[info] 
[info] Visit this URL on this device to log in:
[info] https://github.com/login/oauth/authorize?client_id=89cf50f02ac6aaed3484&state=343529943&redirect_uri=http%3A%2F%2Flocalhost%3A9005&scope=read%3Auser%20repo%20public_repo
[info] 
[info] Waiting for authentication...
[debug] [2023-06-08T15:14:26.862Z] >>> [apiv2][query] POST https://github.com/login/oauth/access_token [none]
[debug] [2023-06-08T15:14:26.862Z] >>> [apiv2][body] POST https://github.com/login/oauth/access_token [stream]
[debug] [2023-06-08T15:14:27.153Z] <<< [apiv2][status] POST https://github.com/login/oauth/access_token 200
[debug] [2023-06-08T15:14:27.153Z] <<< [apiv2][body] POST https://github.com/login/oauth/access_token {"access_token":"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","token_type":"bearer","scope":"read:user,repo"}
[debug] [2023-06-08T15:14:27.163Z] >>> [apiv2][query] GET https://api.github.com/user [none]
[debug] [2023-06-08T15:14:27.469Z] <<< [apiv2][status] GET https://api.github.com/user 200
[debug] [2023-06-08T15:14:27.469Z] <<< [apiv2][body] GET https://api.github.com/user {"login":"nttrungbi1996","id":129488374,"node_id":"U_kgDOB7fV9g","avatar_url":"https://avatars.githubusercontent.com/u/129488374?v=4","gravatar_id":"","url":"https://api.github.com/users/nttrungbi1996","html_url":"https://github.com/nttrungbi1996","followers_url":"https://api.github.com/users/nttrungbi1996/followers","following_url":"https://api.github.com/users/nttrungbi1996/following{/other_user}","gists_url":"https://api.github.com/users/nttrungbi1996/gists{/gist_id}","starred_url":"https://api.github.com/users/nttrungbi1996/starred{/owner}{/repo}","subscriptions_url":"https://api.github.com/users/nttrungbi1996/subscriptions","organizations_url":"https://api.github.com/users/nttrungbi1996/orgs","repos_url":"https://api.github.com/users/nttrungbi1996/repos","events_url":"https://api.github.com/users/nttrungbi1996/events{/privacy}","received_events_url":"https://api.github.com/users/nttrungbi1996/received_events","type":"User","site_admin":false,"name":null,"company":null,"blog":"","location":null,"email":null,"hireable":null,"bio":null,"twitter_username":null,"public_repos":1,"public_gists":0,"followers":0,"following":0,"created_at":"2023-03-31T06:39:52Z","updated_at":"2023-06-08T15:06:23Z","private_gists":0,"total_private_repos":0,"owned_private_repos":0,"disk_usage":0,"collaborators":0,"two_factor_authentication":false,"plan":{"name":"free","space":976562499,"collaborators":0,"private_repos":10000}}
[info] 
[info] +  Success! Logged into GitHub as nttrungbi1996 
[info] 
[debug] [2023-06-08T15:14:35.732Z] >>> [apiv2][query] GET https://api.github.com/repos/repository/actions/secrets/public-key type=owner
[debug] [2023-06-08T15:14:35.973Z] <<< [apiv2][status] GET https://api.github.com/repos/repository/actions/secrets/public-key 404
[debug] [2023-06-08T15:14:35.973Z] <<< [apiv2][body] GET https://api.github.com/repos/repository/actions/secrets/public-key {"message":"Not Found","documentation_url":"https://docs.github.com/rest"}
[info] 
[info] 
[error] !  The provided authorization cannot be used with this repository. If this repository is in an organization, did you remember to grant access? 
[info] 
[info] i  Action required: Visit this URL to ensure access has been granted to the appropriate organization(s) for the Firebase CLI GitHub OAuth App: 
[info] https://github.com/settings/connections/applications/89cf50f02ac6aaed3484
[info] 
[debug] [2023-06-08T15:14:58.054Z] >>> [apiv2][query] GET https://api.github.com/repos/repository/actions/secrets/public-key type=owner
[debug] [2023-06-08T15:14:58.304Z] <<< [apiv2][status] GET https://api.github.com/repos/repository/actions/secrets/public-key 404
[debug] [2023-06-08T15:14:58.305Z] <<< [apiv2][body] GET https://api.github.com/repos/repository/actions/secrets/public-key {"message":"Not Found","documentation_url":"https://docs.github.com/rest"}
[info] 
[info] 
[error] !  The provided authorization cannot be used with this repository. If this repository is in an organization, did you remember to grant access? 
[info] 
[info] i  Action required: Visit this URL to ensure access has been granted to the appropriate organization(s) for the Firebase CLI GitHub OAuth App: 
[info] https://github.com/settings/connections/applications/89cf50f02ac6aaed3484
[info] 
[debug] [2023-06-08T15:15:03.222Z] >>> [apiv2][query] GET https://api.github.com/repos/user/actions/secrets/public-key type=owner
[debug] [2023-06-08T15:15:03.486Z] <<< [apiv2][status] GET https://api.github.com/repos/user/actions/secrets/public-key 404
[debug] [2023-06-08T15:15:03.486Z] <<< [apiv2][body] GET https://api.github.com/repos/user/actions/secrets/public-key {"message":"Not Found","documentation_url":"https://docs.github.com/rest"}
[info] 
[info] 
[error] !  The provided authorization cannot be used with this repository. If this repository is in an organization, did you remember to grant access? 
[info] 
[info] i  Action required: Visit this URL to ensure access has been granted to the appropriate organization(s) for the Firebase CLI GitHub OAuth App: 
[info] https://github.com/settings/connections/applications/89cf50f02ac6aaed3484
[info] 
